Der Buildvorgang wurde am 30.05.2014 14:01:59 gestartet.
     1>Projekt "D:\__VC_Libs\glew-1.10.0_mixed\build\vc10\glew_static.vcxproj" auf Knoten "2", build Ziel(e).
     1>PrepareForBuild:
         Das Verzeichnis "../../lib\Debug\Win32\" wird erstellt.
       InitializeBuildStatus:
         "tmp\glew_static\Debug\Win32\glew_static.unsuccessfulbuild" wird erstellt, da "AlwaysCreate" angegeben wurde.
       ClCompile:
         C:\Program Files (x86)\Microsoft Visual Studio 10.0\VC\bin\CL.exe /c /I../../include /Zi /nologo /W3 /WX- /Od /Oy- /D WIN32 /D _DEBUG /D _LIB /D WIN32_LEAN_AND_MEAN /D GLEW_STATIC /D _MBCS /Gm- /EHsc /RTC1 /MDd /GS /Gy- /fp:precise /Zc:wchar_t /Zc:forScope /Fo"tmp\glew_static\Debug\Win32\\" /Fd"tmp\glew_static\Debug\Win32\vc100.pdb" /Gd /TC /analyze- /errorReport:prompt ..\..\src\glew.c
         glew.c
       ResourceCompile:
         C:\Program Files (x86)\Microsoft SDKs\Windows\v7.0A\bin\rc.exe /D _DEBUG /D GLEW_STATIC /l"0x0409" /nologo /fo"tmp\glew_static\Debug\Win32\glew.res" ..\glew.rc 
       Lib:
         C:\Program Files (x86)\Microsoft Visual Studio 10.0\VC\bin\Lib.exe /OUT:"../../lib\Debug\Win32\glew32sd.lib" /NOLOGO /MACHINE:X86 tmp\glew_static\Debug\Win32\glew.res
         tmp\glew_static\Debug\Win32\glew.obj
         glew_static.vcxproj -> D:\__VC_Libs\glew-1.10.0_mixed\build\vc10\../../lib\Debug\Win32\glew32sd.lib
       FinalizeBuildStatus:
         Die Datei "tmp\glew_static\Debug\Win32\glew_static.unsuccessfulbuild" wird gelöscht.
         Aktualisieren des Timestamps von "tmp\glew_static\Debug\Win32\glew_static.lastbuildstate".
     1>Die Erstellung des Projekts "D:\__VC_Libs\glew-1.10.0_mixed\build\vc10\glew_static.vcxproj" ist abgeschlossen, build Ziel(e).

Das Erstellen war erfolgreich.

Verstrichene Zeit 00:00:04.32
